<?xml version="1.0" encoding="UTF-8"?>
<testsuite name="LibraryTest" tests="1" skipped="0" failures="0" errors="0" timestamp="2016-03-24T13:31:49" hostname="Johans-MacBook-Pro.local" time="1.257">
  <properties/>
  <testcase name="testSomeLibraryMethod" classname="LibraryTest" time="1.257"/>
  <system-out><![CDATA[]]></system-out>
  <system-err><![CDATA[]]></system-err>
</testsuite>
